[1129/091302.400:ERROR:directory_reader_win.cc(43)] FindFirstFile: The system cannot find the path specified. (0x3)
[1129/192914.142:ERROR:process_info.cc(118)] ReadProcessMemory bool __cdecl crashpad::(anonymous namespace)::ReadStruct(HANDLE, crashpad::WinVMAddress, T *) [T = crashpad::process_types::LDR_DATA_TABLE_ENTRY<crashpad::process_types::internal::Traits64>]: Only part of a ReadProcessMemory or WriteProcessMemory request was completed. (0x12B)
[1129/192914.161:ERROR:process_info.cc(118)] ReadProcessMemory bool __cdecl crashpad::(anonymous namespace)::ReadStruct(HANDLE, crashpad::WinVMAddress, T *) [T = crashpad::process_types::LDR_DATA_TABLE_ENTRY<crashpad::process_types::internal::Traits64>]: Only part of a ReadProcessMemory or WriteProcessMemory request was completed. (0x12B)
[1129/192914.190:ERROR:process_memory_win.cc(73)] ReadMemory at 0x3e003c of 132 bytes failed: Only part of a ReadProcessMemory or WriteProcessMemory request was completed. (0x12B)
[1129/192914.192:ERROR:process_memory_win.cc(73)] ReadMemory at 0x160004 of 132 bytes failed: Only part of a ReadProcessMemory or WriteProcessMemory request was completed. (0x12B)
[1129/192914.194:ERROR:process_memory_win.cc(73)] ReadMemory at 0x6000ca2ac of 132 bytes failed: Only part of a ReadProcessMemory or WriteProcessMemory request was completed. (0x12B)
[1129/192914.200:WARNING:process_subrange_reader.cc(81)] attempt to read outside of  range 0x176e99ec1c0 + 0x0 (64) at range 0x176e99ec1c0 + 0x40 (64)
[1129/192914.200:WARNING:pe_image_reader.cc(340)] could not read dos header from 
[1129/192914.200:WARNING:process_subrange_reader.cc(81)] attempt to read outside of  range 0x176e99ec1c0 + 0x0 (64) at range 0x176e99ec1c0 + 0x40 (64)
[1129/192914.200:WARNING:pe_image_reader.cc(340)] could not read dos header from 
[1129/192914.210:WARNING:process_subrange_reader.cc(81)] attempt to read outside of  range 0x176e99ec1c0 + 0x0 (64) at range 0x176e99ec1c0 + 0x40 (64)
[1129/192914.210:WARNING:pe_image_reader.cc(340)] could not read dos header from 
[1129/192914.216:WARNING:process_subrange_reader.cc(81)] attempt to read outside of  range 0x176e99ec1c0 + 0x0 (64) at range 0x176e99ec1c0 + 0x40 (64)
[1129/192914.216:WARNING:pe_image_reader.cc(340)] could not read dos header from 
[1129/192914.216:WARNING:process_subrange_reader.cc(81)] attempt to read outside of  range 0x176e99ec1c0 + 0x0 (64) at range 0x176e99ec1c0 + 0x40 (64)
[1129/192914.216:WARNING:pe_image_reader.cc(340)] could not read dos header from 
[1129/192914.505:WARNING:process_subrange_reader.cc(81)] attempt to read outside of  range 0x176e99ec1c0 + 0x0 (64) at range 0x176e99ec1c0 + 0x40 (64)
[1129/192914.505:WARNING:pe_image_reader.cc(340)] could not read dos header from 
[1129/192914.518:WARNING:process_subrange_reader.cc(81)] attempt to read outside of  range 0x176e99ec1c0 + 0x0 (64) at range 0x176e99ec1c0 + 0x40 (64)
[1129/192914.518:WARNING:pe_image_reader.cc(340)] could not read dos header from 
[1129/192914.522:WARNING:process_subrange_reader.cc(81)] attempt to read outside of  range 0x176e99ec1c0 + 0x0 (64) at range 0x176e99ec1c0 + 0x40 (64)
[1129/192914.522:WARNING:pe_image_reader.cc(340)] could not read dos header from 
